Arguments: 
  C:\Program Files\nodejs\node.exe C:\Users\piyus\AppData\Roaming\npm\node_modules\yarn\bin\yarn.js add expeess

PATH: 
  C:\Program Files\Python38\Scripts\;C:\Program Files\Python38\;C:\WINDOWS\system32;C:\WINDOWS;C:\WINDOWS\System32\Wbem;C:\WINDOWS\System32\WindowsPowerShell\v1.0\;C:\WINDOWS\System32\OpenSSH\;C:\ProgramData\chocolatey\bin;C:\Program Files\OpenJDK\openjdk-8u292-b10\bin;C:\Program Files\nodejs\;C:\Program Files\Git\cmd;C:\Users\piyus\AppData\Local\Programs\Python\Python39\Scripts\;C:\Users\piyus\AppData\Local\Programs\Python\Python39\;C:\Users\piyus\AppData\Local\Microsoft\WindowsApps;C:\Program Files\MongoDB\Server\4.4\bin;C:\Program Files\heroku\bin;C:\Users\piyus\AppData\Local\Programs\Microsoft VS Code\bin;C:\Users\piyus\AppData\Local\Android\Sdk\platform-tools;C:\Users\piyus\AppData\Roaming\npm;C:\Program Files\MongoDB\Server\5.0\bin;C:\src\flutter\bin;

Yarn version: 
  1.22.10

Node version: 
  14.17.5

Platform: 
  win32 x64

Trace: 
  Error: https://registry.yarnpkg.com/expeess: Not found
      at Request.params.callback [as _callback] (C:\Users\piyus\AppData\Roaming\npm\node_modules\yarn\lib\cli.js:66988:18)
      at Request.self.callback (C:\Users\piyus\AppData\Roaming\npm\node_modules\yarn\lib\cli.js:140662:22)
      at Request.emit (events.js:400:28)
      at Request.<anonymous> (C:\Users\piyus\AppData\Roaming\npm\node_modules\yarn\lib\cli.js:141634:10)
      at Request.emit (events.js:400:28)
      at IncomingMessage.<anonymous> (C:\Users\piyus\AppData\Roaming\npm\node_modules\yarn\lib\cli.js:141556:12)
      at Object.onceWrapper (events.js:519:28)
      at IncomingMessage.emit (events.js:412:35)
      at endReadableNT (internal/streams/readable.js:1317:12)
      at processTicksAndRejections (internal/process/task_queues.js:82:21)

npm manifest: 
  {
    "name": "codebin",
    "author": "piyush kumar",
    "version": "1.0.0",
    "description": "a place where you can paste your code and share to others using link",
    "main": "server.js",
    "scripts": {
      "start": "node server.js",
      "dev": "nodemon server.js"
    },
    "license": "MIT"
  }

yarn manifest: 
  No manifest

Lockfile: 
  No lockfile
